<?xml version="1.0" encoding="UTF-8"?>
<!-- Generated by org.testng.reporters.JUnitReportReporter -->
<testsuite hostname="Kose-MacBook-Pro.local" failures="0" tests="3" name="Hotelscom_aynur.qa.tests.HomePageTest" time="223.602" errors="0" timestamp="2021-03-07T17:00:11 EST" skipped="0">
  <testcase classname="Hotelscom_aynur.qa.tests.HomePageTest" name="TestCaseOne1" time="10.588"/>
  <system-out/>
  <testcase classname="Hotelscom_aynur.qa.tests.HomePageTest" name="TestCaseOne2" time="202.171"/>
  <system-out/>
  <testcase classname="Hotelscom_aynur.qa.tests.HomePageTest" name="TestCaseOne3" time="10.843"/>
  <system-out/>
</testsuite> <!-- Hotelscom_aynur.qa.tests.HomePageTest -->
