<?xml version="1.0" encoding="UTF-8"?>
<!-- Generated by org.testng.reporters.JUnitReportReporter -->
<testsuite hostname="Kose-MacBook-Pro.local" failures="0" tests="1" name="Hotelscom_aynur.qa.tests.Star_3_HotelsTest" time="102.682" errors="0" timestamp="2021-03-07T17:02:21 EST" skipped="0">
  <testcase classname="Hotelscom_aynur.qa.tests.Star_3_HotelsTest" name="Citycenterverify" time="102.682"/>
  <system-out/>
</testsuite> <!-- Hotelscom_aynur.qa.tests.Star_3_HotelsTest -->
